(0000) 3000  0011000000000000 (   1)                 .ORIG x3000
(3000) 0001  0000000000000001 (   2) HjulArray       .FILL x0001
(3001) 0003  0000000000000011 (   3)                 .FILL x0003
(3002) 0001  0000000000000001 (   4)                 .FILL x0001
(3003) 0005  0000000000000101 (   5)                 .FILL x0005
(3004) 0001  0000000000000001 (   6)                 .FILL x0001
(3005) 0003  0000000000000011 (   7)                 .FILL x0003
(3006) 0001  0000000000000001 (   8)                 .FILL x0001
(3007) 0009  0000000000001001 (   9)                 .FILL x0009
(3008) 0003  0000000000000011 (  10)                 .FILL x0003
(3009) 0001  0000000000000001 (  11)                 .FILL x0001
(300A) 0005  0000000000000101 (  12)                 .FILL x0005
(300B) 0001  0000000000000001 (  13)                 .FILL x0001
(300C) 0003  0000000000000011 (  14)                 .FILL x0003
(300D) 0000  0000000000000000 (  20) Player_count    .FILL x0000
(300E) 0000  0000000000000000 (  20)                 .FILL x0000
(300F) 0000  0000000000000000 (  21) Player2_init    .FILL x0000
(3010) 0000  0000000000000000 (  21)                 .FILL x0000
(3011) 0000  0000000000000000 (  24) Player3_init    .FILL x0000
(3012) 0000  0000000000000000 (  24)                 .FILL x0000
(3013) 0000  0000000000000000 (  24) Player1_balance .FILL x0000
(3014) 0000  0000000000000000 (  25) Player2_balance .FILL x0000
(3015) 0000  0000000000000000 (  26) Player3_balance .FILL x0000
(3016) 0000  0000000000000000 (  29) Player1_BetAmount .FILL x0000
(3017) 0000  0000000000000000 (  30) Player2_BetAmount .FILL x0000
(3018) 0000  0000000000000000 (  31) Player3_BetAmount .FILL x0000
(3019) 0000  0000000000000000 (  34) Player1_BetNumber .FILL x0000
(301A) 0000  0000000000000000 (  35) Player2_BetNumber .FILL x0000
(301B) 0000  0000000000000000 (  36) Player3_BetNumber .FILL x0000
(301C) 0000  0000000000000000 (  40) WheelHistory    .FILL x0000
(301D) 0000  0000000000000000 (  41)                 .FILL x0000
(301E) 0000  0000000000000000 (  42)                 .FILL x0000
(301F) 0000  0000000000000000 (  43)                 .FILL x0000
(3020) 0000  0000000000000000 (  44)                 .FILL x0000
(3021) 0000  0000000000000000 (  45)                 .FILL x0000
(3022) 0000  0000000000000000 (  46)                 .FILL x0000
(3023) 0000  0000000000000000 (  47)                 .FILL x0000
(3024) 0000  0000000000000000 (  48)                 .FILL x0000
(3025) 0000  0000000000000000 (  49)                 .FILL x0000
(3026) 0000  0000000000000000 (  50)                 .FILL x0000
(3027) 0000  0000000000000000 (  51)                 .FILL x0000
(3028) 0000  0000000000000000 (  52)                 .FILL x0000
(3029) 0000  0000000000000000 (  57) WINNING_VALUE   .FILL x0000
